make all -f /home/khhs/Documents/cave/Makefile --print-data-base --no-builtin-variables --no-builtin-rules --question
# GNU Make 4.3
# Built for x86_64-pc-linux-gnu
# Copyright (C) 1988-2020 Free Software Foundation, Inc.
# License GPLv3+: GNU GPL version 3 or later <http://gnu.org/licenses/gpl.html>
# This is free software: you are free to change and redistribute it.
# There is NO WARRANTY, to the extent permitted by law.

# Make data base, printed on Mon Aug  1 10:25:19 2022

# Variables

# environment
GDK_BACKEND = x11
# environment
LC_ALL = C
# environment
NO_AT_BRIDGE = 1
# environment
BYOBU_HIGHLIGHT = \#DD4814
# environment
GJS_DEBUG_OUTPUT = stderr
# environment
VSCODE_CWD = /home/khhs
# environment
WINDOWPATH = 2
# environment
GDM_LANG = en_US.UTF-8
# default
MAKE_COMMAND := make
# automatic
@D = $(patsubst %/,%,$(dir $@))
# environment
BYOBU_EDITOR = 
# environment
VSCODE_HANDLES_UNCAUGHT_ERRORS = true
# default
.VARIABLES := 
# environment
PWD = /home/khhs/Documents/cave
# automatic
%D = $(patsubst %/,%,$(dir $%))
# environment
MAIL = /var/spool/mail/khhs
# environment
BYOBU_LIGHT = \#EEEEEE
# automatic
^D = $(patsubst %/,%,$(dir $^))
# automatic
%F = $(notdir $%)
# environment
VSCODE_CODE_CACHE_PATH = /home/khhs/.config/Code/CachedData/3b889b090b5ad5793f524b5d1d39fda662b96a2a
# environment
LANG = C
# environment
XAUTHORITY = /run/user/1000/gdm/Xauthority
# default
.LOADED := 
# environment
BYOBU_DISTRO = Arch Linux
# default
.INCLUDE_DIRS = /usr/include /usr/local/include /usr/include
# makefile
MAKEFLAGS = pqrR
# environment
BYOBU_ULIMIT = ulimit
# makefile
CURDIR := /home/khhs/Documents/cave
# environment
APPLICATION_INSIGHTS_NO_DIAGNOSTIC_CHANNEL = 1
# automatic
*D = $(patsubst %/,%,$(dir $*))
# environment
MFLAGS = -pqrR
# environment
SSH_AUTH_SOCK = /run/user/1000/keyring/ssh
# default
.SHELLFLAGS := -c
# automatic
+D = $(patsubst %/,%,$(dir $+))
# environment
XDG_SESSION_DESKTOP = gnome-xorg
# environment
BYOBU_DARK = \#333333
# makefile (from '/home/khhs/Documents/cave/Makefile', line 1)
MAKEFILE_LIST := /home/khhs/Documents/cave/Makefile
# automatic
@F = $(notdir $@)
# environment
VSCODE_PID = 326520
# environment
XDG_SESSION_TYPE = x11
# automatic
?D = $(patsubst %/,%,$(dir $?))
# environment
SESSION_MANAGER = local/NotAMacBook:@/tmp/.ICE-unix/907,unix/NotAMacBook:/tmp/.ICE-unix/907
# automatic
*F = $(notdir $*)
# environment
CHROME_DESKTOP = code-url-handler.desktop
# environment
DBUS_SESSION_BUS_ADDRESS = unix:path=/run/user/1000/bus
# environment
BYOBU_ACCENT = \#75507B
# automatic
<D = $(patsubst %/,%,$(dir $<))
# environment
BYOBU_RUN_DIR = /dev/shm/byobu-khhs-O2HOq4cO
# environment
VSCODE_NLS_CONFIG = {"locale":"en-us","availableLanguages":{},"_languagePackSupport":true}
# default
MAKE_HOST := x86_64-pc-linux-gnu
# makefile
SHELL = /bin/sh
# default
MAKECMDGOALS := all
# environment
DOTNET_BUNDLE_EXTRACT_BASE_DIR = /home/khhs/.cache/dotnet_bundle_extract
# environment
BYOBU_CONFIG_DIR = /home/khhs/.byobu
# environment
GJS_DEBUG_TOPICS = JS ERROR;JS LOG
# environment
SHLVL = 1
# environment
MAKELEVEL := 0
# default
MAKE = $(MAKE_COMMAND)
# environment
PATH = /usr/local/bin:/usr/bin:/usr/local/sbin:/home/khhs/.dotnet/tools:/usr/lib/jvm/default/bin:/usr/bin/site_perl:/usr/bin/vendor_perl:/usr/bin/core_perl
# default
MAKEFILES := 
# environment
BYOBU_DATE = %Y-%m-%d 
# environment
MOTD_SHOWN = pam
# automatic
^F = $(notdir $^)
# environment
BYOBU_BACKEND = tmux
# environment
INVOCATION_ID = 434725987cfd4858aac6aff7170ae323
# environment
USERNAME = khhs
# automatic
?F = $(notdir $?)
# environment
XDG_CURRENT_DESKTOP = GNOME
# automatic
+F = $(notdir $+)
# environment
DESKTOP_SESSION = gnome-xorg
# environment
BYOBU_READLINK = readlink
# environment
ORIGINAL_XDG_CURRENT_DESKTOP = GNOME
# 'override' directive
GNUMAKEFLAGS := 
# environment
LOGNAME = khhs
# environment
GIO_LAUNCHED_DESKTOP_FILE = /usr/share/applications/visual-studio-code.desktop
# environment
BYOBU_WINDOW_NAME = -
# makefile
.DEFAULT_GOAL := run
# environment
SYSTEMD_EXEC_PID = 922
# environment
BYOBU_SED = sed
# environment
_byobu_sourced = 1
# environment
DISPLAY = :0
# environment
USER = khhs
# environment
BYOBU_PREFIX = /usr
# default
MAKE_VERSION := 4.3
# environment
BYOBU_PAGER = less
# environment
MANAGERPID = 836
# environment
GIO_LAUNCHED_DESKTOP_FILE_PID = 326502
# environment
_ = /usr/bin/make
# environment
XDG_RUNTIME_DIR = /run/user/1000
# environment
BYOBU_TIME = %H:%M:%S
# environment
JOURNAL_STREAM = 8:23664
# environment
XDG_SESSION_CLASS = user
# environment
VSCODE_AMD_ENTRYPOINT = vs/workbench/api/node/extensionHostProcess
# environment
HOME = /home/khhs
# environment
BYOBU_PYTHON = python3
# environment
ELECTRON_RUN_AS_NODE = 1
# environment
VSCODE_IPC_HOOK = /run/user/1000/vscode-2e5e1f0b-1.69.2-main.sock
# default
.RECIPEPREFIX := 
# automatic
<F = $(notdir $<)
# default
SUFFIXES := 
# environment
VSCODE_CLI = 1
# environment
ELECTRON_NO_ATTACH_CONSOLE = 1
# default
.FEATURES := target-specific order-only second-expansion else-if shortest-stem undefine oneshell nocomment grouped-target extra-prereqs archives jobserver output-sync check-symlink guile load
# environment
XDG_MENU_PREFIX = gnome-
# environment
DOTNET_ROOT = /usr/share/dotnet
# environment
GDMSESSION = gnome-xorg
# variable set hash-table stats:
# Load=106/1024=10%, Rehash=0, Collisions=9/136=7%

# Pattern-specific Variable Values

# No pattern-specific variable values.

# Directories


# No files, no impossibilities in 0 directories.

# Implicit Rules

# No implicit rules.

# Files

deploy: build
#  Implicit rule search has not been done.
#  Modification time never checked.
#  File has not been updated.
#  recipe to execute (from '/home/khhs/Documents/cave/Makefile', line 6):
	firebase deploy

# Not a target:
.DEFAULT:
#  Implicit rule search has not been done.
#  Modification time never checked.
#  File has not been updated.

# Not a target:
all:
#  Command line target.
#  Implicit rule search has been done.
#  File does not exist.
#  File has not been updated.

run:
#  Implicit rule search has not been done.
#  Modification time never checked.
#  File has not been updated.
#  recipe to execute (from '/home/khhs/Documents/cave/Makefile', line 2):
	npm run dev

build:
#  Implicit rule search has not been done.
#  Modification time never checked.
#  File has not been updated.
#  recipe to execute (from '/home/khhs/Documents/cave/Makefile', line 4):
	npm run build

# Not a target:
/home/khhs/Documents/cave/Makefile:
#  Implicit rule search has been done.
#  Last modified 2022-07-31 23:43:11.265583402
#  File has been updated.
#  Successfully updated.

# files hash-table stats:
# Load=7/1024=1%, Rehash=0, Collisions=0/18=0%
# VPATH Search Paths

# No 'vpath' search paths.

# No general ('VPATH' variable) search path.

# strcache buffers: 1 (0) / strings = 9 / storage = 107 B / avg = 11 B
# current buf: size = 8162 B / used = 107 B / count = 9 / avg = 11 B

# strcache performance: lookups = 16 / hit rate = 43%
# hash-table stats:
# Load=9/8192=0%, Rehash=0, Collisions=0/16=0%
# Finished Make data base on Mon Aug  1 10:25:19 2022

 
make: *** No rule to make target 'all'.  Stop.

